Exception in thread "main" java.lang.NoClassDefFoundError: com/yuicon/fun2/ards/ARDSResponse
Caused by: java.lang.ClassNotFoundException: com.yuicon.fun2.ards.ARDSResponse
	at java.net.URLClassLoader$1.run(URLClassLoader.java:202)
	at java.security.AccessController.doPrivileged(Native Method)
	at java.net.URLClassLoader.findClass(URLClassLoader.java:190)
	at java.lang.ClassLoader.loadClass(ClassLoader.java:307)
	at sun.misc.Launcher$AppClassLoader.loadClass(Launcher.java:301)
	at java.lang.ClassLoader.loadClass(ClassLoader.java:248)
Could not find the main class: com.yuicon.fun2.ards.ARDSResponse.  Program will exit.
Exception in thread "main" java.lang.NoClassDefFoundError: com/yuicon/fun2/ards/ARDSResponse
Caused by: java.lang.ClassNotFoundException: com.yuicon.fun2.ards.ARDSResponse
	at java.net.URLClassLoader$1.run(URLClassLoader.java:202)
	at java.security.AccessController.doPrivileged(Native Method)
	at java.net.URLClassLoader.findClass(URLClassLoader.java:190)
	at java.lang.ClassLoader.loadClass(ClassLoader.java:307)
	at sun.misc.Launcher$AppClassLoader.loadClass(Launcher.java:301)
	at java.lang.ClassLoader.loadClass(ClassLoader.java:248)
Could not find the main class: com.yuicon.fun2.ards.ARDSResponse.  Program will exit.
Exception in thread "main" java.lang.NoClassDefFoundError: com/yuicon/fun2/ards/ARDSResponse
Caused by: java.lang.ClassNotFoundException: com.yuicon.fun2.ards.ARDSResponse
	at java.net.URLClassLoader$1.run(URLClassLoader.java:202)
	at java.security.AccessController.doPrivileged(Native Method)
	at java.net.URLClassLoader.findClass(URLClassLoader.java:190)
	at java.lang.ClassLoader.loadClass(ClassLoader.java:307)
	at sun.misc.Launcher$AppClassLoader.loadClass(Launcher.java:301)
	at java.lang.ClassLoader.loadClass(ClassLoader.java:248)
Could not find the main class: com.yuicon.fun2.ards.ARDSResponse.  Program will exit.
Exception in thread "main" java.lang.NoClassDefFoundError: com/yuicon/fun2/ards/ARDSResponse
Caused by: java.lang.ClassNotFoundException: com.yuicon.fun2.ards.ARDSResponse
	at java.net.URLClassLoader$1.run(URLClassLoader.java:202)
	at java.security.AccessController.doPrivileged(Native Method)
	at java.net.URLClassLoader.findClass(URLClassLoader.java:190)
	at java.lang.ClassLoader.loadClass(ClassLoader.java:307)
	at sun.misc.Launcher$AppClassLoader.loadClass(Launcher.java:301)
	at java.lang.ClassLoader.loadClass(ClassLoader.java:248)
Could not find the main class: com.yuicon.fun2.ards.ARDSResponse.  Program will exit.
